2025-01-20 13:30:47:3047 [31merror[39m: [31mjwt expired[39m
2025-01-20 14:37:34:3734 [31merror[39m: [31mjwt expired[39m
2025-01-21 16:49:18:4918 [31merror[39m: [31mjwt expired[39m
2025-01-22 09:45:06:456 [31merror[39m: [31mjwt expired[39m
2025-01-22 10:45:26:4526 [31merror[39m: [31mjwt expired[39m
2025-01-22 10:45:56:4556 [31merror[39m: [31mPayment Gateway Service (createPaymentGateway) => PrismaClientValidationError: [39m
[31mInvalid `this.prisma.payment_gateway.create()` invocation in[39m
[31m/home/ben/Projects/slot-game-nodejs/src/repositories/PaymentGatewayRepository.ts:23:40[39m

[31m  20 }[39m
[31m  21 [39m
[31m  22 create(data: CreatePaymentGatewayDTO): Promise<PaymentGateway | null> {[39m
[31m→ 23   return this.prisma.payment_gateway.create({[39m
[31m         data: {[39m
[31m           logo_path: "src/uploads/images/payment/1737517556685-504359734.jpeg",[39m
[31m       +   name: String[39m
[31m         }[39m
[31m       })[39m

[31mArgument `name` is missing.[39m
2025-01-22 10:50:40:5040 [31merror[39m: [31mPayment Gateway Service (updatePaymentGateway) => Error: ENOENT: no such file or directory, unlink 'src/uploads/images/payment/1737517570683-303991223.jpeg'[39m
2025-01-22 11:21:22:2122 [31merror[39m: [31mPayment Gateway Service (updatePaymentGateway) => Error: ENOENT: no such file or directory, unlink 'src/uploads/images/payment/1737517570683-303991223.jpeg'[39m
2025-01-22 13:14:42:1442 [31merror[39m: [31mjwt expired[39m
2025-01-22 14:27:09:279 [31merror[39m: [31m[39m
[31mInvalid `prisma.$queryRaw()` invocation:[39m


[31mRaw query failed. Code: `N/A`. Message: `N/A`[39m
2025-01-22 14:27:33:2733 [31merror[39m: [31m[39m
[31mInvalid `prisma.$queryRaw()` invocation:[39m


[31mRaw query failed. Code: `N/A`. Message: `N/A`[39m
2025-01-22 14:32:32:3232 [31merror[39m: [31m[39m
[31mInvalid `prisma.$queryRaw()` invocation:[39m


[31mRaw query failed. Code: `N/A`. Message: `N/A`[39m
2025-01-22 14:41:24:4124 [31merror[39m: [31m[39m
[31mInvalid `prisma.$queryRaw()` invocation:[39m


[31mRaw query failed. Code: `1054`. Message: `Unknown column 'ur.role_id' in 'field list'`[39m
2025-01-22 14:45:29:4529 [31merror[39m: [31m[39m
[31mInvalid `prisma.$queryRaw()` invocation:[39m


[31mRaw query failed. Code: `1054`. Message: `Unknown column 'r.name' in 'where clause'`[39m
2025-01-22 14:51:37:5137 [31merror[39m: [31m[39m
[31mInvalid `prisma.$queryRaw()` invocation:[39m


[31mRaw query failed. Code: `1064`. Message: `You have an error in your SQL syntax; check the manual that corresponds to your MySQL server version for the right syntax to use near '::INTEGER FROM users JOIN roles r ON r.id = role_id WHERE r.name = 'agent' AND o' at line 7`[39m
2025-01-22 14:52:28:5228 [31merror[39m: [31m[39m
[31mInvalid `prisma.$queryRaw()` invocation:[39m


[31mRaw query failed. Code: `1064`. Message: `You have an error in your SQL syntax; check the manual that corresponds to your MySQL server version for the right syntax to use near '::INTEGER FROM users a JOIN roles r ON r.id = role_id WHERE r.name = 'agent' AND' at line 7`[39m
2025-01-22 15:29:12:2912 [31merror[39m: [31mjwt expired[39m
2025-01-23 20:27:57:2757 [31merror[39m: [31mjwt expired[39m
2025-01-23 20:33:58:3358 [31merror[39m: [31m[39m
[31mInvalid `this.prisma.users.update()` invocation in[39m
[31m/home/ben/Projects/slot-game-nodejs/src/repositories/UserRepository.ts:20:30[39m

[31m  17 }[39m
[31m  18 [39m
[31m  19 async update(id: number, to_update: UpdateUserDTO): Promise<User> {[39m
[31m→ 20   return this.prisma.users.update({[39m
[31m         where: {[39m
[31m           id: 15[39m
[31m         },[39m
[31m         data: {[39m
[31m           name: undefined,[39m
[31m           balance: undefined,[39m
[31m           username: undefined,[39m
[31m           agent_code: undefined,[39m
[31m           is_active: "false"[39m
[31m                      ~~~~~~~[39m
[31m         },[39m
[31m         include: {[39m
[31m           role: true[39m
[31m         }[39m
[31m       })[39m

[31mArgument `is_active`: Invalid value provided. Expected Boolean or BoolFieldUpdateOperationsInput, provided String.[39m
2025-01-23 20:37:21:3721 [31merror[39m: [31mService ( loginUser ) => Error: Your account is inactivated. Please, contact to your agent or admin or owner.[39m
2025-01-25 14:02:53:253 [31merror[39m: [31mService error at ( updateGameCategory ) => Error: ENOENT: no such file or directory, unlink 'src/uploads/images/game_categories/1737787315555-395887936.png'[39m
2025-01-25 14:02:53:253 [31merror[39m: [31mError updating game category: ENOENT: no such file or directory, unlink 'src/uploads/images/game_categories/1737787315555-395887936.png'[39m
2025-01-25 14:13:39:1339 [31merror[39m: [31mService error at ( updateGameCategory ) => PrismaClientValidationError: [39m
[31mInvalid `this.prisma.game_category.update()` invocation in[39m
[31m/home/ben/Projects/slot-game-nodejs/src/repositories/GameCategoryRepository.ts:45:38[39m

[31m  42   id: number,[39m
[31m  43   data: UpdateGameCategoryDTO[39m
[31m  44 ): Promise<GameCategory | null> {[39m
[31m→ 45   return this.prisma.game_category.update({[39m
[31m         where: {[39m
[31m           id: 1[39m
[31m         },[39m
[31m         data: {[39m
[31m           name: undefined,[39m
[31m           image_path: undefined,[39m
[31m           order_number: "2",[39m
[31m                         ~~~[39m
[31m           is_active: undefined[39m
[31m         }[39m
[31m       })[39m

[31mArgument `order_number`: Invalid value provided. Expected Int or IntFieldUpdateOperationsInput, provided String.[39m
2025-01-25 14:13:39:1339 [31merror[39m: [31mError updating game category: [39m
[31mInvalid `this.prisma.game_category.update()` invocation in[39m
[31m/home/ben/Projects/slot-game-nodejs/src/repositories/GameCategoryRepository.ts:45:38[39m

[31m  42   id: number,[39m
[31m  43   data: UpdateGameCategoryDTO[39m
[31m  44 ): Promise<GameCategory | null> {[39m
[31m→ 45   return this.prisma.game_category.update({[39m
[31m         where: {[39m
[31m           id: 1[39m
[31m         },[39m
[31m         data: {[39m
[31m           name: undefined,[39m
[31m           image_path: undefined,[39m
[31m           order_number: "2",[39m
[31m                         ~~~[39m
[31m           is_active: undefined[39m
[31m         }[39m
[31m       })[39m

[31mArgument `order_number`: Invalid value provided. Expected Int or IntFieldUpdateOperationsInput, provided String.[39m
2025-01-25 14:14:19:1419 [31merror[39m: [31mService error at ( updateGameCategory ) => PrismaClientValidationError: [39m
[31mInvalid `this.prisma.game_category.update()` invocation in[39m
[31m/home/ben/Projects/slot-game-nodejs/src/repositories/GameCategoryRepository.ts:45:38[39m

[31m  42   id: number,[39m
[31m  43   data: UpdateGameCategoryDTO[39m
[31m  44 ): Promise<GameCategory | null> {[39m
[31m→ 45   return this.prisma.game_category.update({[39m
[31m         where: {[39m
[31m           id: 1[39m
[31m         },[39m
[31m         data: {[39m
[31m           name: undefined,[39m
[31m           image_path: undefined,[39m
[31m           order_number: undefined,[39m
[31m           is_active: "true"[39m
[31m                      ~~~~~~[39m
[31m         }[39m
[31m       })[39m

[31mArgument `is_active`: Invalid value provided. Expected Boolean or BoolFieldUpdateOperationsInput, provided String.[39m
2025-01-25 14:14:19:1419 [31merror[39m: [31mError updating game category: [39m
[31mInvalid `this.prisma.game_category.update()` invocation in[39m
[31m/home/ben/Projects/slot-game-nodejs/src/repositories/GameCategoryRepository.ts:45:38[39m

[31m  42   id: number,[39m
[31m  43   data: UpdateGameCategoryDTO[39m
[31m  44 ): Promise<GameCategory | null> {[39m
[31m→ 45   return this.prisma.game_category.update({[39m
[31m         where: {[39m
[31m           id: 1[39m
[31m         },[39m
[31m         data: {[39m
[31m           name: undefined,[39m
[31m           image_path: undefined,[39m
[31m           order_number: undefined,[39m
[31m           is_active: "true"[39m
[31m                      ~~~~~~[39m
[31m         }[39m
[31m       })[39m

[31mArgument `is_active`: Invalid value provided. Expected Boolean or BoolFieldUpdateOperationsInput, provided String.[39m
2025-01-25 14:36:12:3612 [31merror[39m: [31mjwt expired[39m
